<?xml version="1.0" encoding="UTF-8"?>
<testng-results skipped="0" failed="0" ignored="0" total="1" passed="1">
  <reporter-output>
  </reporter-output>
  <suite name="Suite" duration-ms="66" started-at="2019-07-20T09:17:10Z" finished-at="2019-07-20T09:17:10Z">
    <groups>
    </groups>
    <test name="Test" duration-ms="66" started-at="2019-07-20T09:17:10Z" finished-at="2019-07-20T09:17:10Z">
      <class name="com.gmail.login.Test1">
        <test-method status="PASS" signature="helloWorld()[pri:0, instance:com.gmail.login.Test1@51efea79]" name="helloWorld" duration-ms="18" started-at="2019-07-20T09:17:10Z" finished-at="2019-07-20T09:17:10Z">
          <reporter-output>
          </reporter-output>
        </test-method> <!-- helloWorld -->
      </class> <!-- com.gmail.login.Test1 -->
    </test> <!-- Test -->
  </suite> <!-- Suite -->
</testng-results>
